<?xml version="1.0" encoding="UTF-8"?>
<checkstyle version="6.18">
<file name="/Users/david/git/In4MatesSD_P1/Autenticacion/src/main/java/org/Autenticacion/Presentacion/IU_Autenticacion.java">
<error line="0" severity="error" message="Missing package-info.java file." source="com.puppycrawl.tools.checkstyle.checks.javadoc.JavadocPackageCheck"/>
<error line="21" column="8" severity="error" message="Unused import - javax.swing.JFrame." source="com.puppycrawl.tools.checkstyle.checks.imports.UnusedImportsCheck"/>
<error line="36" column="14" severity="error" message="Name &apos;IU_Autenticacion&apos; must match pattern &apos;^[A-Z][a-zA-Z0-9]*$&apos;." source="com.puppycrawl.tools.checkstyle.checks.naming.TypeNameCheck"/>
<error line="37" column="1" severity="error" message="File contains tab characters (this is the first instance)." source="com.puppycrawl.tools.checkstyle.checks.whitespace.FileTabCharacterCheck"/>
<error line="40" column="15" severity="error" message="&apos;static&apos; modifier out of order with the JLS suggestions." source="com.puppycrawl.tools.checkstyle.checks.modifier.ModifierOrderCheck"/>
<error line="40" column="26" severity="error" message="Name &apos;doscientosCincuenta&apos; must match pattern &apos;^[A-Z][A-Z0-9]*(_[A-Z0-9]+)*$&apos;." source="com.puppycrawl.tools.checkstyle.checks.naming.ConstantNameCheck"/>
<error line="44" column="15" severity="error" message="&apos;static&apos; modifier out of order with the JLS suggestions." source="com.puppycrawl.tools.checkstyle.checks.modifier.ModifierOrderCheck"/>
<error line="44" column="26" severity="error" message="Name &apos;doscientos&apos; must match pattern &apos;^[A-Z][A-Z0-9]*(_[A-Z0-9]+)*$&apos;." source="com.puppycrawl.tools.checkstyle.checks.naming.ConstantNameCheck"/>
<error line="117" column="17" severity="error" message="Avoid nested blocks." source="com.puppycrawl.tools.checkstyle.checks.blocks.AvoidNestedBlocksCheck"/>
<error line="119" column="44" severity="error" message="Name &apos;gbc_lblNombreDeUsuario&apos; must match pattern &apos;^[a-z][a-zA-Z0-9]*$&apos;." source="com.puppycrawl.tools.checkstyle.checks.naming.LocalVariableNameCheck"/>
<error line="127" column="17" severity="error" message="Avoid nested blocks." source="com.puppycrawl.tools.checkstyle.checks.blocks.AvoidNestedBlocksCheck"/>
<error line="130" column="44" severity="error" message="Name &apos;gbc_txtNombre&apos; must match pattern &apos;^[a-z][a-zA-Z0-9]*$&apos;." source="com.puppycrawl.tools.checkstyle.checks.naming.LocalVariableNameCheck"/>
<error line="141" column="17" severity="error" message="Avoid nested blocks." source="com.puppycrawl.tools.checkstyle.checks.blocks.AvoidNestedBlocksCheck"/>
<error line="143" column="44" severity="error" message="Name &apos;gbc_lblContrasea&apos; must match pattern &apos;^[a-z][a-zA-Z0-9]*$&apos;." source="com.puppycrawl.tools.checkstyle.checks.naming.LocalVariableNameCheck"/>
<error line="151" column="17" severity="error" message="Avoid nested blocks." source="com.puppycrawl.tools.checkstyle.checks.blocks.AvoidNestedBlocksCheck"/>
<error line="154" column="44" severity="error" message="Name &apos;gbc_passwordField&apos; must match pattern &apos;^[a-z][a-zA-Z0-9]*$&apos;." source="com.puppycrawl.tools.checkstyle.checks.naming.LocalVariableNameCheck"/>
<error line="163" column="17" severity="error" message="Avoid nested blocks." source="com.puppycrawl.tools.checkstyle.checks.blocks.AvoidNestedBlocksCheck"/>
<error line="168" column="44" severity="error" message="Name &apos;gbc_btnEntrar&apos; must match pattern &apos;^[a-z][a-zA-Z0-9]*$&apos;." source="com.puppycrawl.tools.checkstyle.checks.naming.LocalVariableNameCheck"/>
<error line="185" column="9" severity="error" message="Method &apos;getAutenticado&apos; is not designed for extension - needs to be abstract, final or empty." source="com.puppycrawl.tools.checkstyle.checks.design.DesignForExtensionCheck"/>
<error line="189" severity="error" message="First sentence should end with a period." source="com.puppycrawl.tools.checkstyle.checks.javadoc.JavadocStyleCheck"/>
<error line="203" column="41" severity="error" message="Parameter e should be final." source="com.puppycrawl.tools.checkstyle.checks.FinalParametersCheck"/>
<error line="214" column="39" severity="error" message="Parameter e should be final." source="com.puppycrawl.tools.checkstyle.checks.FinalParametersCheck"/>
<error line="226" column="9" severity="error" message="Method &apos;setTxtNombre&apos; is not designed for extension - needs to be abstract, final or empty." source="com.puppycrawl.tools.checkstyle.checks.design.DesignForExtensionCheck"/>
<error line="226" column="34" severity="error" message="Parameter nombre should be final." source="com.puppycrawl.tools.checkstyle.checks.FinalParametersCheck"/>
<error line="237" column="9" severity="error" message="Method &apos;setPassword&apos; is not designed for extension - needs to be abstract, final or empty." source="com.puppycrawl.tools.checkstyle.checks.design.DesignForExtensionCheck"/>
<error line="237" column="33" severity="error" message="Parameter pass should be final." source="com.puppycrawl.tools.checkstyle.checks.FinalParametersCheck"/>
<error line="249" column="9" severity="error" message="Method &apos;aceptar&apos; is not designed for extension - needs to be abstract, final or empty." source="com.puppycrawl.tools.checkstyle.checks.design.DesignForExtensionCheck"/>
<error line="250" column="25" severity="error" message="&apos;autenticado&apos; hides a field." source="com.puppycrawl.tools.checkstyle.checks.coding.HiddenFieldCheck"/>
<error line="300" column="45" severity="error" message="Parameter e should be final." source="com.puppycrawl.tools.checkstyle.checks.FinalParametersCheck"/>
</file>
<file name="/Users/david/git/In4MatesSD_P1/Autenticacion/src/main/java/org/Autenticacion/Dominio/Usuario.java">
<error line="0" severity="error" message="Missing package-info.java file." source="com.puppycrawl.tools.checkstyle.checks.javadoc.JavadocPackageCheck"/>
<error line="19" column="1" severity="error" message="File contains tab characters (this is the first instance)." source="com.puppycrawl.tools.checkstyle.checks.whitespace.FileTabCharacterCheck"/>
<error line="51" column="24" severity="error" message="Parameter nombre should be final." source="com.puppycrawl.tools.checkstyle.checks.FinalParametersCheck"/>
<error line="51" column="31" severity="error" message="&apos;nombre&apos; hides a field." source="com.puppycrawl.tools.checkstyle.checks.coding.HiddenFieldCheck"/>
<error line="51" column="39" severity="error" message="Parameter password should be final." source="com.puppycrawl.tools.checkstyle.checks.FinalParametersCheck"/>
<error line="51" column="46" severity="error" message="&apos;password&apos; hides a field." source="com.puppycrawl.tools.checkstyle.checks.coding.HiddenFieldCheck"/>
<error line="51" column="56" severity="error" message="Parameter tipo should be final." source="com.puppycrawl.tools.checkstyle.checks.FinalParametersCheck"/>
<error line="51" column="63" severity="error" message="&apos;tipo&apos; hides a field." source="com.puppycrawl.tools.checkstyle.checks.coding.HiddenFieldCheck"/>
<error line="73" column="9" severity="error" message="Method &apos;getNombre&apos; is not designed for extension - needs to be abstract, final or empty." source="com.puppycrawl.tools.checkstyle.checks.design.DesignForExtensionCheck"/>
<error line="83" column="9" severity="error" message="Method &apos;setNombre&apos; is not designed for extension - needs to be abstract, final or empty." source="com.puppycrawl.tools.checkstyle.checks.design.DesignForExtensionCheck"/>
<error line="83" column="31" severity="error" message="Parameter nombre should be final." source="com.puppycrawl.tools.checkstyle.checks.FinalParametersCheck"/>
<error line="83" column="38" severity="error" message="&apos;nombre&apos; hides a field." source="com.puppycrawl.tools.checkstyle.checks.coding.HiddenFieldCheck"/>
<error line="95" column="9" severity="error" message="Method &apos;getPassword&apos; is not designed for extension - needs to be abstract, final or empty." source="com.puppycrawl.tools.checkstyle.checks.design.DesignForExtensionCheck"/>
<error line="105" column="9" severity="error" message="Method &apos;setPassword&apos; is not designed for extension - needs to be abstract, final or empty." source="com.puppycrawl.tools.checkstyle.checks.design.DesignForExtensionCheck"/>
<error line="105" column="33" severity="error" message="Parameter password should be final." source="com.puppycrawl.tools.checkstyle.checks.FinalParametersCheck"/>
<error line="105" column="40" severity="error" message="&apos;password&apos; hides a field." source="com.puppycrawl.tools.checkstyle.checks.coding.HiddenFieldCheck"/>
<error line="117" column="9" severity="error" message="Method &apos;getTipo&apos; is not designed for extension - needs to be abstract, final or empty." source="com.puppycrawl.tools.checkstyle.checks.design.DesignForExtensionCheck"/>
<error line="127" column="9" severity="error" message="Method &apos;setTipo&apos; is not designed for extension - needs to be abstract, final or empty." source="com.puppycrawl.tools.checkstyle.checks.design.DesignForExtensionCheck"/>
<error line="127" column="29" severity="error" message="Parameter tipo should be final." source="com.puppycrawl.tools.checkstyle.checks.FinalParametersCheck"/>
<error line="127" column="36" severity="error" message="&apos;tipo&apos; hides a field." source="com.puppycrawl.tools.checkstyle.checks.coding.HiddenFieldCheck"/>
<error line="139" column="9" severity="error" message="Method &apos;getGestorUsuario&apos; is not designed for extension - needs to be abstract, final or empty." source="com.puppycrawl.tools.checkstyle.checks.design.DesignForExtensionCheck"/>
<error line="148" column="9" severity="error" message="Method &apos;eliminar&apos; is not designed for extension - needs to be abstract, final or empty." source="com.puppycrawl.tools.checkstyle.checks.design.DesignForExtensionCheck"/>
<error line="157" column="9" severity="error" message="Method &apos;autenticarse&apos; is not designed for extension - needs to be abstract, final or empty." source="com.puppycrawl.tools.checkstyle.checks.design.DesignForExtensionCheck"/>
<error line="166" column="9" severity="error" message="Method &apos;leerTodo&apos; is not designed for extension - needs to be abstract, final or empty." source="com.puppycrawl.tools.checkstyle.checks.design.DesignForExtensionCheck"/>
<error line="175" column="9" severity="error" message="Method &apos;modificar&apos; is not designed for extension - needs to be abstract, final or empty." source="com.puppycrawl.tools.checkstyle.checks.design.DesignForExtensionCheck"/>
<error line="184" column="9" severity="error" message="Method &apos;insertar&apos; is not designed for extension - needs to be abstract, final or empty." source="com.puppycrawl.tools.checkstyle.checks.design.DesignForExtensionCheck"/>
</file>
<file name="/Users/david/git/In4MatesSD_P1/Autenticacion/src/main/java/org/Autenticacion/Persistencia/Agente.java">
<error line="0" severity="error" message="Missing package-info.java file." source="com.puppycrawl.tools.checkstyle.checks.javadoc.JavadocPackageCheck"/>
<error line="6" severity="error" message="Using the &apos;.*&apos; form of import should be avoided - java.sql.*." source="com.puppycrawl.tools.checkstyle.checks.imports.AvoidStarImportCheck"/>
<error line="19" severity="error" message="Class Agente should be declared as final." source="com.puppycrawl.tools.checkstyle.checks.design.FinalClassCheck"/>
<error line="20" column="1" severity="error" message="File contains tab characters (this is the first instance)." source="com.puppycrawl.tools.checkstyle.checks.whitespace.FileTabCharacterCheck"/>
<error line="23" column="33" severity="error" message="Variable &apos;mInstancia&apos; must be private and have accessor methods." source="com.puppycrawl.tools.checkstyle.checks.design.VisibilityModifierCheck"/>
<error line="27" column="37" severity="error" message="Variable &apos;mBD&apos; must be private and have accessor methods." source="com.puppycrawl.tools.checkstyle.checks.design.VisibilityModifierCheck"/>
<error line="89" column="30" severity="error" message="Parameter SQL should be final." source="com.puppycrawl.tools.checkstyle.checks.FinalParametersCheck"/>
<error line="89" column="37" severity="error" message="Name &apos;SQL&apos; must match pattern &apos;^[a-z][a-zA-Z0-9]*$&apos;." source="com.puppycrawl.tools.checkstyle.checks.naming.ParameterNameCheck"/>
<error line="105" column="31" severity="error" message="Parameter SQL should be final." source="com.puppycrawl.tools.checkstyle.checks.FinalParametersCheck"/>
<error line="105" column="38" severity="error" message="Name &apos;SQL&apos; must match pattern &apos;^[a-z][a-zA-Z0-9]*$&apos;." source="com.puppycrawl.tools.checkstyle.checks.naming.ParameterNameCheck"/>
</file>
<file name="/Users/david/git/In4MatesSD_P1/Autenticacion/src/main/java/org/Autenticacion/Persistencia/GestorUsuario.java">
<error line="24" column="1" severity="error" message="File contains tab characters (this is the first instance)." source="com.puppycrawl.tools.checkstyle.checks.whitespace.FileTabCharacterCheck"/>
<error line="44" column="9" severity="error" message="Method &apos;getListaUsuarios&apos; is not designed for extension - needs to be abstract, final or empty." source="com.puppycrawl.tools.checkstyle.checks.design.DesignForExtensionCheck"/>
<error line="57" column="9" severity="error" message="Method &apos;delete&apos; is not designed for extension - needs to be abstract, final or empty." source="com.puppycrawl.tools.checkstyle.checks.design.DesignForExtensionCheck"/>
<error line="57" column="31" severity="error" message="Parameter usuario should be final." source="com.puppycrawl.tools.checkstyle.checks.FinalParametersCheck"/>
<error line="83" column="9" severity="error" message="Method &apos;update&apos; is not designed for extension - needs to be abstract, final or empty." source="com.puppycrawl.tools.checkstyle.checks.design.DesignForExtensionCheck"/>
<error line="83" column="31" severity="error" message="Parameter usuario should be final." source="com.puppycrawl.tools.checkstyle.checks.FinalParametersCheck"/>
<error line="86" column="32" severity="error" message="Name &apos;SQL&apos; must match pattern &apos;^[a-z][a-zA-Z0-9]*$&apos;." source="com.puppycrawl.tools.checkstyle.checks.naming.LocalVariableNameCheck"/>
<error line="117" column="9" severity="error" message="Method &apos;insert&apos; is not designed for extension - needs to be abstract, final or empty." source="com.puppycrawl.tools.checkstyle.checks.design.DesignForExtensionCheck"/>
<error line="117" column="31" severity="error" message="Parameter usuario should be final." source="com.puppycrawl.tools.checkstyle.checks.FinalParametersCheck"/>
<error line="147" column="9" severity="error" message="Method &apos;login&apos; is not designed for extension - needs to be abstract, final or empty." source="com.puppycrawl.tools.checkstyle.checks.design.DesignForExtensionCheck"/>
<error line="147" column="30" severity="error" message="Parameter usuario should be final." source="com.puppycrawl.tools.checkstyle.checks.FinalParametersCheck"/>
<error line="186" column="9" severity="error" message="Method &apos;readAll&apos; is not designed for extension - needs to be abstract, final or empty." source="com.puppycrawl.tools.checkstyle.checks.design.DesignForExtensionCheck"/>
</file>
<file name="/Users/david/git/In4MatesSD_P1/ReservaMesas/src/main/java/org/ReservaMesas/Presentacion/IU_VerReservas.java">
<error line="0" severity="error" message="Missing package-info.java file." source="com.puppycrawl.tools.checkstyle.checks.javadoc.JavadocPackageCheck"/>
<error line="31" column="14" severity="error" message="Name &apos;IU_VerReservas&apos; must match pattern &apos;^[A-Z][a-zA-Z0-9]*$&apos;." source="com.puppycrawl.tools.checkstyle.checks.naming.TypeNameCheck"/>
<error line="32" column="1" severity="error" message="File contains tab characters (this is the first instance)." source="com.puppycrawl.tools.checkstyle.checks.whitespace.FileTabCharacterCheck"/>
<error line="60" column="47" severity="error" message="Name &apos;sdf&apos; must match pattern &apos;^[A-Z][A-Z0-9]*(_[A-Z0-9]+)*$&apos;." source="com.puppycrawl.tools.checkstyle.checks.naming.ConstantNameCheck"/>
<error line="72" column="17" severity="error" message="Avoid nested blocks." source="com.puppycrawl.tools.checkstyle.checks.blocks.AvoidNestedBlocksCheck"/>
<error line="75" column="25" severity="error" message="Avoid nested blocks." source="com.puppycrawl.tools.checkstyle.checks.blocks.AvoidNestedBlocksCheck"/>
<error line="82" column="17" severity="error" message="Avoid nested blocks." source="com.puppycrawl.tools.checkstyle.checks.blocks.AvoidNestedBlocksCheck"/>
<error line="86" column="25" severity="error" message="Avoid nested blocks." source="com.puppycrawl.tools.checkstyle.checks.blocks.AvoidNestedBlocksCheck"/>
<error line="102" column="51" severity="error" message="Variable &apos;columnEditables&apos; must be private and have accessor methods." source="com.puppycrawl.tools.checkstyle.checks.design.VisibilityModifierCheck"/>
<error line="109" column="57" severity="error" message="Parameter row should be final." source="com.puppycrawl.tools.checkstyle.checks.FinalParametersCheck"/>
<error line="109" column="66" severity="error" message="Parameter column should be final." source="com.puppycrawl.tools.checkstyle.checks.FinalParametersCheck"/>
<error line="121" column="9" severity="error" message="Method &apos;recargarReservas&apos; is not designed for extension - needs to be abstract, final or empty." source="com.puppycrawl.tools.checkstyle.checks.design.DesignForExtensionCheck"/>
<error line="130" column="37" severity="error" message="Name &apos;Limite&apos; must match pattern &apos;^[a-z][a-zA-Z0-9]*$&apos;." source="com.puppycrawl.tools.checkstyle.checks.naming.LocalVariableNameCheck"/>
<error line="151" column="49" severity="error" message="Array brackets at illegal position." source="com.puppycrawl.tools.checkstyle.checks.ArrayTypeStyleCheck"/>
<error line="168" column="9" severity="error" message="Method &apos;isSelectedReserva&apos; is not designed for extension - needs to be abstract, final or empty." source="com.puppycrawl.tools.checkstyle.checks.design.DesignForExtensionCheck"/>
<error line="176" column="9" severity="error" message="Method &apos;setSelectedReserva&apos; is not designed for extension - needs to be abstract, final or empty." source="com.puppycrawl.tools.checkstyle.checks.design.DesignForExtensionCheck"/>
<error line="176" column="40" severity="error" message="Parameter b should be final." source="com.puppycrawl.tools.checkstyle.checks.FinalParametersCheck"/>
<error line="191" column="42" severity="error" message="Parameter e should be final." source="com.puppycrawl.tools.checkstyle.checks.FinalParametersCheck"/>
<error line="219" column="45" severity="error" message="Parameter e should be final." source="com.puppycrawl.tools.checkstyle.checks.FinalParametersCheck"/>
</file>
<file name="/Users/david/git/In4MatesSD_P1/ReservaMesas/src/main/java/org/ReservaMesas/Presentacion/IU_VerConfMesas.java">
<error line="23" column="14" severity="error" message="Name &apos;IU_VerConfMesas&apos; must match pattern &apos;^[A-Z][a-zA-Z0-9]*$&apos;." source="com.puppycrawl.tools.checkstyle.checks.naming.TypeNameCheck"/>
<error line="24" column="1" severity="error" message="File contains tab characters (this is the first instance)." source="com.puppycrawl.tools.checkstyle.checks.whitespace.FileTabCharacterCheck"/>
<error line="58" column="17" severity="error" message="Avoid nested blocks." source="com.puppycrawl.tools.checkstyle.checks.blocks.AvoidNestedBlocksCheck"/>
<error line="62" column="25" severity="error" message="Avoid nested blocks." source="com.puppycrawl.tools.checkstyle.checks.blocks.AvoidNestedBlocksCheck"/>
<error line="74" column="51" severity="error" message="Variable &apos;columnEditables&apos; must be private and have accessor methods." source="com.puppycrawl.tools.checkstyle.checks.design.VisibilityModifierCheck"/>
<error line="80" column="57" severity="error" message="Parameter row should be final." source="com.puppycrawl.tools.checkstyle.checks.FinalParametersCheck"/>
<error line="80" column="66" severity="error" message="Parameter column should be final." source="com.puppycrawl.tools.checkstyle.checks.FinalParametersCheck"/>
<error line="97" column="9" severity="error" message="Method &apos;cargarMesas&apos; is not designed for extension - needs to be abstract, final or empty." source="com.puppycrawl.tools.checkstyle.checks.design.DesignForExtensionCheck"/>
<error line="106" column="29" severity="error" message="Name &apos;Limite&apos; must match pattern &apos;^[a-z][a-zA-Z0-9]*$&apos;." source="com.puppycrawl.tools.checkstyle.checks.naming.LocalVariableNameCheck"/>
<error line="120" column="41" severity="error" message="Array brackets at illegal position." source="com.puppycrawl.tools.checkstyle.checks.ArrayTypeStyleCheck"/>
</file>
<file name="/Users/david/git/In4MatesSD_P1/ReservaMesas/src/main/java/org/ReservaMesas/Presentacion/IU_AsigMesa.java">
<error line="43" column="14" severity="error" message="Name &apos;IU_AsigMesa&apos; must match pattern &apos;^[A-Z][a-zA-Z0-9]*$&apos;." source="com.puppycrawl.tools.checkstyle.checks.naming.TypeNameCheck"/>
<error line="44" column="1" severity="error" message="File contains tab characters (this is the first instance)." source="com.puppycrawl.tools.checkstyle.checks.whitespace.FileTabCharacterCheck"/>
<error line="108" column="47" severity="error" message="Name &apos;sdf&apos; must match pattern &apos;^[A-Z][A-Z0-9]*(_[A-Z0-9]+)*$&apos;." source="com.puppycrawl.tools.checkstyle.checks.naming.ConstantNameCheck"/>
<error line="115" column="9" severity="error" message="Method length is 232 lines (max allowed is 150)." source="com.puppycrawl.tools.checkstyle.checks.sizes.MethodLengthCheck"/>
<error line="115" column="28" severity="error" message="Parameter reservas should be final." source="com.puppycrawl.tools.checkstyle.checks.FinalParametersCheck"/>
<error line="115" column="43" severity="error" message="&apos;reservas&apos; hides a field." source="com.puppycrawl.tools.checkstyle.checks.coding.HiddenFieldCheck"/>
<error line="189" column="17" severity="error" message="Avoid nested blocks." source="com.puppycrawl.tools.checkstyle.checks.blocks.AvoidNestedBlocksCheck"/>
<error line="191" column="44" severity="error" message="Name &apos;gbc_lblNombreCliente&apos; must match pattern &apos;^[a-z][a-zA-Z0-9]*$&apos;." source="com.puppycrawl.tools.checkstyle.checks.naming.LocalVariableNameCheck"/>
<error line="200" column="17" severity="error" message="Avoid nested blocks." source="com.puppycrawl.tools.checkstyle.checks.blocks.AvoidNestedBlocksCheck"/>
<error line="205" column="44" severity="error" message="Name &apos;gbc_textField&apos; must match pattern &apos;^[a-z][a-zA-Z0-9]*$&apos;." source="com.puppycrawl.tools.checkstyle.checks.naming.LocalVariableNameCheck"/>
<error line="215" column="17" severity="error" message="Avoid nested blocks." source="com.puppycrawl.tools.checkstyle.checks.blocks.AvoidNestedBlocksCheck"/>
<error line="217" column="44" severity="error" message="Name &apos;gbc_lblMesa&apos; must match pattern &apos;^[a-z][a-zA-Z0-9]*$&apos;." source="com.puppycrawl.tools.checkstyle.checks.naming.LocalVariableNameCheck"/>
<error line="225" column="17" severity="error" message="Avoid nested blocks." source="com.puppycrawl.tools.checkstyle.checks.blocks.AvoidNestedBlocksCheck"/>
<error line="245" column="44" severity="error" message="Name &apos;gbc_comboBox&apos; must match pattern &apos;^[a-z][a-zA-Z0-9]*$&apos;." source="com.puppycrawl.tools.checkstyle.checks.naming.LocalVariableNameCheck"/>
<error line="253" column="17" severity="error" message="Avoid nested blocks." source="com.puppycrawl.tools.checkstyle.checks.blocks.AvoidNestedBlocksCheck"/>
<error line="255" column="44" severity="error" message="Name &apos;gbc_lblComensales&apos; must match pattern &apos;^[a-z][a-zA-Z0-9]*$&apos;." source="com.puppycrawl.tools.checkstyle.checks.naming.LocalVariableNameCheck"/>
<error line="264" column="17" severity="error" message="Avoid nested blocks." source="com.puppycrawl.tools.checkstyle.checks.blocks.AvoidNestedBlocksCheck"/>
<error line="269" column="44" severity="error" message="Name &apos;gbc_spinner&apos; must match pattern &apos;^[a-z][a-zA-Z0-9]*$&apos;." source="com.puppycrawl.tools.checkstyle.checks.naming.LocalVariableNameCheck"/>
<error line="277" column="17" severity="error" message="Avoid nested blocks." source="com.puppycrawl.tools.checkstyle.checks.blocks.AvoidNestedBlocksCheck"/>
<error line="279" column="44" severity="error" message="Name &apos;gbc_lblTurnoComCen&apos; must match pattern &apos;^[a-z][a-zA-Z0-9]*$&apos;." source="com.puppycrawl.tools.checkstyle.checks.naming.LocalVariableNameCheck"/>
<error line="288" column="17" severity="error" message="Avoid nested blocks." source="com.puppycrawl.tools.checkstyle.checks.blocks.AvoidNestedBlocksCheck"/>
<error line="292" column="44" severity="error" message="Name &apos;gbc_rdbtnComida&apos; must match pattern &apos;^[a-z][a-zA-Z0-9]*$&apos;." source="com.puppycrawl.tools.checkstyle.checks.naming.LocalVariableNameCheck"/>
<error line="299" column="17" severity="error" message="Avoid nested blocks." source="com.puppycrawl.tools.checkstyle.checks.blocks.AvoidNestedBlocksCheck"/>
<error line="303" column="44" severity="error" message="Name &apos;gbc_rdbtnCena&apos; must match pattern &apos;^[a-z][a-zA-Z0-9]*$&apos;." source="com.puppycrawl.tools.checkstyle.checks.naming.LocalVariableNameCheck"/>
<error line="310" column="17" severity="error" message="Avoid nested blocks." source="com.puppycrawl.tools.checkstyle.checks.blocks.AvoidNestedBlocksCheck"/>
<error line="312" column="44" severity="error" message="Name &apos;gbc_lblTurno&apos; must match pattern &apos;^[a-z][a-zA-Z0-9]*$&apos;." source="com.puppycrawl.tools.checkstyle.checks.naming.LocalVariableNameCheck"/>
<error line="320" column="17" severity="error" message="Avoid nested blocks." source="com.puppycrawl.tools.checkstyle.checks.blocks.AvoidNestedBlocksCheck"/>
<error line="326" column="44" severity="error" message="Name &apos;gbc_comboBox_1&apos; must match pattern &apos;^[a-z][a-zA-Z0-9]*$&apos;." source="com.puppycrawl.tools.checkstyle.checks.naming.LocalVariableNameCheck"/>
<error line="334" column="17" severity="error" message="Avoid nested blocks." source="com.puppycrawl.tools.checkstyle.checks.blocks.AvoidNestedBlocksCheck"/>
<error line="338" column="44" severity="error" message="Name &apos;gbc_btnAsignar&apos; must match pattern &apos;^[a-z][a-zA-Z0-9]*$&apos;." source="com.puppycrawl.tools.checkstyle.checks.naming.LocalVariableNameCheck"/>
<error line="361" column="41" severity="error" message="Parameter e should be final." source="com.puppycrawl.tools.checkstyle.checks.FinalParametersCheck"/>
<error line="383" column="39" severity="error" message="Parameter e should be final." source="com.puppycrawl.tools.checkstyle.checks.FinalParametersCheck"/>
<error line="399" column="45" severity="error" message="Parameter e should be final." source="com.puppycrawl.tools.checkstyle.checks.FinalParametersCheck"/>
<error line="415" severity="error" message="Line is longer than 80 characters (found 97)." source="com.puppycrawl.tools.checkstyle.checks.sizes.LineLengthCheck"/>
<error line="415" column="77" severity="error" message="Avoid inline conditionals." source="com.puppycrawl.tools.checkstyle.checks.coding.AvoidInlineConditionalsCheck"/>
</file>
<file name="/Users/david/git/In4MatesSD_P1/ReservaMesas/src/main/java/org/ReservaMesas/Presentacion/Ventana_Principal.java">
<error line="6" severity="error" message="Using the &apos;.*&apos; form of import should be avoided - org.Autenticacion.Presentacion.*." source="com.puppycrawl.tools.checkstyle.checks.imports.AvoidStarImportCheck"/>
<error line="29" column="14" severity="error" message="Name &apos;Ventana_Principal&apos; must match pattern &apos;^[A-Z][a-zA-Z0-9]*$&apos;." source="com.puppycrawl.tools.checkstyle.checks.naming.TypeNameCheck"/>
<error line="30" column="1" severity="error" message="File contains tab characters (this is the first instance)." source="com.puppycrawl.tools.checkstyle.checks.whitespace.FileTabCharacterCheck"/>
<error line="53" column="33" severity="error" message="Name &apos;panel_VerConfMesas&apos; must match pattern &apos;^[a-z][a-zA-Z0-9]*$&apos;." source="com.puppycrawl.tools.checkstyle.checks.naming.MemberNameCheck"/>
<error line="57" column="32" severity="error" message="Name &apos;panel_VerReservas&apos; must match pattern &apos;^[a-z][a-zA-Z0-9]*$&apos;." source="com.puppycrawl.tools.checkstyle.checks.naming.MemberNameCheck"/>
<error line="61" column="29" severity="error" message="Name &apos;panel_HacerReservas&apos; must match pattern &apos;^[a-z][a-zA-Z0-9]*$&apos;." source="com.puppycrawl.tools.checkstyle.checks.naming.MemberNameCheck"/>
<error line="69" column="34" severity="error" message="Name &apos;panel_Autenticacion&apos; must match pattern &apos;^[a-z][a-zA-Z0-9]*$&apos;." source="com.puppycrawl.tools.checkstyle.checks.naming.MemberNameCheck"/>
<error line="79" column="33" severity="error" message="Parameter args should be final." source="com.puppycrawl.tools.checkstyle.checks.FinalParametersCheck"/>
<error line="106" column="9" severity="error" message="Method length is 183 lines (max allowed is 150)." source="com.puppycrawl.tools.checkstyle.checks.sizes.MethodLengthCheck"/>
<error line="130" column="27" severity="error" message="Name &apos;CuatroCientosOnce&apos; must match pattern &apos;^[a-z][a-zA-Z0-9]*$&apos;." source="com.puppycrawl.tools.checkstyle.checks.naming.LocalFinalVariableNameCheck"/>
<error line="134" column="27" severity="error" message="Name &apos;CuatroCientosCinco&apos; must match pattern &apos;^[a-z][a-zA-Z0-9]*$&apos;." source="com.puppycrawl.tools.checkstyle.checks.naming.LocalFinalVariableNameCheck"/>
<error line="150" column="17" severity="error" message="Avoid nested blocks." source="com.puppycrawl.tools.checkstyle.checks.blocks.AvoidNestedBlocksCheck"/>
<error line="156" column="25" severity="error" message="Avoid nested blocks." source="com.puppycrawl.tools.checkstyle.checks.blocks.AvoidNestedBlocksCheck"/>
<error line="161" column="47" severity="error" message="Name &apos;gbl_tabAutenticacion&apos; must match pattern &apos;^[a-z][a-zA-Z0-9]*$&apos;." source="com.puppycrawl.tools.checkstyle.checks.naming.LocalVariableNameCheck"/>
<error line="165" severity="error" message="Line is longer than 80 characters (found 83)." source="com.puppycrawl.tools.checkstyle.checks.sizes.LineLengthCheck"/>
<error line="179" column="33" severity="error" message="Avoid nested blocks." source="com.puppycrawl.tools.checkstyle.checks.blocks.AvoidNestedBlocksCheck"/>
<error line="182" column="60" severity="error" message="Name &apos;gbc_panel&apos; must match pattern &apos;^[a-z][a-zA-Z0-9]*$&apos;." source="com.puppycrawl.tools.checkstyle.checks.naming.LocalVariableNameCheck"/>
<error line="193" column="33" severity="error" message="Avoid nested blocks." source="com.puppycrawl.tools.checkstyle.checks.blocks.AvoidNestedBlocksCheck"/>
<error line="197" column="60" severity="error" message="Name &apos;gbc_btnEntrar&apos; must match pattern &apos;^[a-z][a-zA-Z0-9]*$&apos;." source="com.puppycrawl.tools.checkstyle.checks.naming.LocalVariableNameCheck"/>
<error line="209" column="25" severity="error" message="Avoid nested blocks." source="com.puppycrawl.tools.checkstyle.checks.blocks.AvoidNestedBlocksCheck"/>
<error line="214" column="47" severity="error" message="Name &apos;gbl_tabReservaMesas&apos; must match pattern &apos;^[a-z][a-zA-Z0-9]*$&apos;." source="com.puppycrawl.tools.checkstyle.checks.naming.LocalVariableNameCheck"/>
<error line="230" column="33" severity="error" message="Avoid nested blocks." source="com.puppycrawl.tools.checkstyle.checks.blocks.AvoidNestedBlocksCheck"/>
<error line="233" severity="error" message="Line is longer than 80 characters (found 83)." source="com.puppycrawl.tools.checkstyle.checks.sizes.LineLengthCheck"/>
<error line="233" column="60" severity="error" message="Name &apos;gbc_panel_VerConfMesas&apos; must match pattern &apos;^[a-z][a-zA-Z0-9]*$&apos;." source="com.puppycrawl.tools.checkstyle.checks.naming.LocalVariableNameCheck"/>
<error line="245" column="33" severity="error" message="Avoid nested blocks." source="com.puppycrawl.tools.checkstyle.checks.blocks.AvoidNestedBlocksCheck"/>
<error line="248" severity="error" message="Line is longer than 80 characters (found 82)." source="com.puppycrawl.tools.checkstyle.checks.sizes.LineLengthCheck"/>
<error line="248" column="60" severity="error" message="Name &apos;gbc_panel_VerReservas&apos; must match pattern &apos;^[a-z][a-zA-Z0-9]*$&apos;." source="com.puppycrawl.tools.checkstyle.checks.naming.LocalVariableNameCheck"/>
<error line="259" column="33" severity="error" message="Avoid nested blocks." source="com.puppycrawl.tools.checkstyle.checks.blocks.AvoidNestedBlocksCheck"/>
<error line="263" severity="error" message="Line is longer than 80 characters (found 84)." source="com.puppycrawl.tools.checkstyle.checks.sizes.LineLengthCheck"/>
<error line="263" column="60" severity="error" message="Name &apos;gbc_panel_HacerReservas&apos; must match pattern &apos;^[a-z][a-zA-Z0-9]*$&apos;." source="com.puppycrawl.tools.checkstyle.checks.naming.LocalVariableNameCheck"/>
<error line="275" column="25" severity="error" message="Avoid nested blocks." source="com.puppycrawl.tools.checkstyle.checks.blocks.AvoidNestedBlocksCheck"/>
<error line="281" column="33" severity="error" message="Avoid nested blocks." source="com.puppycrawl.tools.checkstyle.checks.blocks.AvoidNestedBlocksCheck"/>
<error line="297" column="42" severity="error" message="Parameter e should be final." source="com.puppycrawl.tools.checkstyle.checks.FinalParametersCheck"/>
<error line="319" column="45" severity="error" message="Parameter e should be final." source="com.puppycrawl.tools.checkstyle.checks.FinalParametersCheck"/>
</file>
<file name="/Users/david/git/In4MatesSD_P1/ReservaMesas/src/main/java/org/ReservaMesas/Presentacion/IU_EstadosMesas.java">
<error line="18" column="14" severity="error" message="Name &apos;IU_EstadosMesas&apos; must match pattern &apos;^[A-Z][a-zA-Z0-9]*$&apos;." source="com.puppycrawl.tools.checkstyle.checks.naming.TypeNameCheck"/>
<error line="19" column="1" severity="error" message="File contains tab characters (this is the first instance)." source="com.puppycrawl.tools.checkstyle.checks.whitespace.FileTabCharacterCheck"/>
<error line="30" column="24" severity="error" message="Name &apos;PanelContenedor&apos; must match pattern &apos;^[a-z][a-zA-Z0-9]*$&apos;." source="com.puppycrawl.tools.checkstyle.checks.naming.MemberNameCheck"/>
<error line="37" column="17" severity="error" message="Avoid nested blocks." source="com.puppycrawl.tools.checkstyle.checks.blocks.AvoidNestedBlocksCheck"/>
<error line="41" column="17" severity="error" message="Avoid nested blocks." source="com.puppycrawl.tools.checkstyle.checks.blocks.AvoidNestedBlocksCheck"/>
<error line="51" column="9" severity="error" message="Method &apos;cargar&apos; is not designed for extension - needs to be abstract, final or empty." source="com.puppycrawl.tools.checkstyle.checks.design.DesignForExtensionCheck"/>
<error line="81" column="9" severity="error" message="Method &apos;recargar&apos; is not designed for extension - needs to be abstract, final or empty." source="com.puppycrawl.tools.checkstyle.checks.design.DesignForExtensionCheck"/>
</file>
<file name="/Users/david/git/In4MatesSD_P1/ReservaMesas/src/main/java/org/ReservaMesas/Presentacion/IU_P_estadoMesa.java">
<error line="30" column="14" severity="error" message="Name &apos;IU_P_estadoMesa&apos; must match pattern &apos;^[A-Z][a-zA-Z0-9]*$&apos;." source="com.puppycrawl.tools.checkstyle.checks.naming.TypeNameCheck"/>
<error line="31" column="1" severity="error" message="File contains tab characters (this is the first instance)." source="com.puppycrawl.tools.checkstyle.checks.whitespace.FileTabCharacterCheck"/>
<error line="70" column="15" severity="error" message="&apos;static&apos; modifier out of order with the JLS suggestions." source="com.puppycrawl.tools.checkstyle.checks.modifier.ModifierOrderCheck"/>
<error line="70" column="26" severity="error" message="Name &apos;dosCientos&apos; must match pattern &apos;^[A-Z][A-Z0-9]*(_[A-Z0-9]+)*$&apos;." source="com.puppycrawl.tools.checkstyle.checks.naming.ConstantNameCheck"/>
<error line="74" column="15" severity="error" message="&apos;static&apos; modifier out of order with the JLS suggestions." source="com.puppycrawl.tools.checkstyle.checks.modifier.ModifierOrderCheck"/>
<error line="74" column="26" severity="error" message="Name &apos;dosCientosCincuenta&apos; must match pattern &apos;^[A-Z][A-Z0-9]*(_[A-Z0-9]+)*$&apos;." source="com.puppycrawl.tools.checkstyle.checks.naming.ConstantNameCheck"/>
<error line="101" column="47" severity="error" message="Name &apos;sdf&apos; must match pattern &apos;^[A-Z][A-Z0-9]*(_[A-Z0-9]+)*$&apos;." source="com.puppycrawl.tools.checkstyle.checks.naming.ConstantNameCheck"/>
<error line="110" column="9" severity="error" message="Method length is 201 lines (max allowed is 150)." source="com.puppycrawl.tools.checkstyle.checks.sizes.MethodLengthCheck"/>
<error line="110" column="32" severity="error" message="Parameter idMesa should be final." source="com.puppycrawl.tools.checkstyle.checks.FinalParametersCheck"/>
<error line="110" column="36" severity="error" message="&apos;idMesa&apos; hides a field." source="com.puppycrawl.tools.checkstyle.checks.coding.HiddenFieldCheck"/>
<error line="194" column="17" severity="error" message="Avoid nested blocks." source="com.puppycrawl.tools.checkstyle.checks.blocks.AvoidNestedBlocksCheck"/>
<error line="197" column="44" severity="error" message="Name &apos;gbc_btnLibre&apos; must match pattern &apos;^[a-z][a-zA-Z0-9]*$&apos;." source="com.puppycrawl.tools.checkstyle.checks.naming.LocalVariableNameCheck"/>
<error line="206" column="17" severity="error" message="Avoid nested blocks." source="com.puppycrawl.tools.checkstyle.checks.blocks.AvoidNestedBlocksCheck"/>
<error line="209" column="44" severity="error" message="Name &apos;gbc_btnReservada&apos; must match pattern &apos;^[a-z][a-zA-Z0-9]*$&apos;." source="com.puppycrawl.tools.checkstyle.checks.naming.LocalVariableNameCheck"/>
<error line="218" column="17" severity="error" message="Avoid nested blocks." source="com.puppycrawl.tools.checkstyle.checks.blocks.AvoidNestedBlocksCheck"/>
<error line="221" column="44" severity="error" message="Name &apos;gbc_btnOcupada&apos; must match pattern &apos;^[a-z][a-zA-Z0-9]*$&apos;." source="com.puppycrawl.tools.checkstyle.checks.naming.LocalVariableNameCheck"/>
<error line="229" column="17" severity="error" message="Avoid nested blocks." source="com.puppycrawl.tools.checkstyle.checks.blocks.AvoidNestedBlocksCheck"/>
<error line="232" column="44" severity="error" message="Name &apos;gbc_btnPidiendo&apos; must match pattern &apos;^[a-z][a-zA-Z0-9]*$&apos;." source="com.puppycrawl.tools.checkstyle.checks.naming.LocalVariableNameCheck"/>
<error line="240" column="17" severity="error" message="Avoid nested blocks." source="com.puppycrawl.tools.checkstyle.checks.blocks.AvoidNestedBlocksCheck"/>
<error line="244" column="44" severity="error" message="Name &apos;gbc_btnEsperaDeComida&apos; must match pattern &apos;^[a-z][a-zA-Z0-9]*$&apos;." source="com.puppycrawl.tools.checkstyle.checks.naming.LocalVariableNameCheck"/>
<error line="253" column="17" severity="error" message="Avoid nested blocks." source="com.puppycrawl.tools.checkstyle.checks.blocks.AvoidNestedBlocksCheck"/>
<error line="256" column="44" severity="error" message="Name &apos;gbc_btnServidos&apos; must match pattern &apos;^[a-z][a-zA-Z0-9]*$&apos;." source="com.puppycrawl.tools.checkstyle.checks.naming.LocalVariableNameCheck"/>
<error line="264" column="17" severity="error" message="Avoid nested blocks." source="com.puppycrawl.tools.checkstyle.checks.blocks.AvoidNestedBlocksCheck"/>
<error line="268" column="44" severity="error" message="Name &apos;gbc_btnEsperaCuenta&apos; must match pattern &apos;^[a-z][a-zA-Z0-9]*$&apos;." source="com.puppycrawl.tools.checkstyle.checks.naming.LocalVariableNameCheck"/>
<error line="277" column="17" severity="error" message="Avoid nested blocks." source="com.puppycrawl.tools.checkstyle.checks.blocks.AvoidNestedBlocksCheck"/>
<error line="280" column="44" severity="error" message="Name &apos;gbc_btnPagando&apos; must match pattern &apos;^[a-z][a-zA-Z0-9]*$&apos;." source="com.puppycrawl.tools.checkstyle.checks.naming.LocalVariableNameCheck"/>
<error line="288" column="17" severity="error" message="Avoid nested blocks." source="com.puppycrawl.tools.checkstyle.checks.blocks.AvoidNestedBlocksCheck"/>
<error line="292" column="44" severity="error" message="Name &apos;gbc_btnPreparacion&apos; must match pattern &apos;^[a-z][a-zA-Z0-9]*$&apos;." source="com.puppycrawl.tools.checkstyle.checks.naming.LocalVariableNameCheck"/>
<error line="314" column="9" severity="error" message="Method &apos;estadoInicial&apos; is not designed for extension - needs to be abstract, final or empty." source="com.puppycrawl.tools.checkstyle.checks.design.DesignForExtensionCheck"/>
<error line="326" column="9" severity="error" message="Method &apos;estadoBotones&apos; is not designed for extension - needs to be abstract, final or empty." source="com.puppycrawl.tools.checkstyle.checks.design.DesignForExtensionCheck"/>
<error line="326" column="35" severity="error" message="Parameter estado should be final." source="com.puppycrawl.tools.checkstyle.checks.FinalParametersCheck"/>
<error line="328" severity="error" message="switch without &quot;default&quot; clause." source="com.puppycrawl.tools.checkstyle.checks.coding.MissingSwitchDefaultCheck"/>
<error line="384" column="9" severity="error" message="Method &apos;getEstadoUltimo&apos; is not designed for extension - needs to be abstract, final or empty." source="com.puppycrawl.tools.checkstyle.checks.design.DesignForExtensionCheck"/>
<error line="391" column="9" severity="error" message="Method &apos;volverColorInicial&apos; is not designed for extension - needs to be abstract, final or empty." source="com.puppycrawl.tools.checkstyle.checks.design.DesignForExtensionCheck"/>
<error line="393" severity="error" message="switch without &quot;default&quot; clause." source="com.puppycrawl.tools.checkstyle.checks.coding.MissingSwitchDefaultCheck"/>
<error line="446" column="9" severity="error" message="Method &apos;setIdMesa&apos; is not designed for extension - needs to be abstract, final or empty." source="com.puppycrawl.tools.checkstyle.checks.design.DesignForExtensionCheck"/>
<error line="446" column="31" severity="error" message="Parameter idMesa should be final." source="com.puppycrawl.tools.checkstyle.checks.FinalParametersCheck"/>
<error line="446" column="35" severity="error" message="&apos;idMesa&apos; hides a field." source="com.puppycrawl.tools.checkstyle.checks.coding.HiddenFieldCheck"/>
<error line="454" column="9" severity="error" message="Method &apos;getIDmesa&apos; is not designed for extension - needs to be abstract, final or empty." source="com.puppycrawl.tools.checkstyle.checks.design.DesignForExtensionCheck"/>
<error line="469" column="45" severity="error" message="Parameter e should be final." source="com.puppycrawl.tools.checkstyle.checks.FinalParametersCheck"/>
</file>
<file name="/Users/david/git/In4MatesSD_P1/ReservaMesas/src/main/java/org/ReservaMesas/Dominio/Reserva.java">
<error line="0" severity="error" message="Missing package-info.java file." source="com.puppycrawl.tools.checkstyle.checks.javadoc.JavadocPackageCheck"/>
<error line="5" severity="error" message="Missing a Javadoc comment." source="com.puppycrawl.tools.checkstyle.checks.javadoc.JavadocTypeCheck"/>
<error line="6" severity="error" message="Line has trailing spaces." source="com.puppycrawl.tools.checkstyle.checks.regexp.RegexpSinglelineCheck"/>
<error line="6" column="1" severity="error" message="File contains tab characters (this is the first instance)." source="com.puppycrawl.tools.checkstyle.checks.whitespace.FileTabCharacterCheck"/>
<error line="7" column="9" severity="error" message="Missing a Javadoc comment." source="com.puppycrawl.tools.checkstyle.checks.javadoc.JavadocVariableCheck"/>
<error line="8" column="9" severity="error" message="Missing a Javadoc comment." source="com.puppycrawl.tools.checkstyle.checks.javadoc.JavadocVariableCheck"/>
<error line="9" column="9" severity="error" message="Missing a Javadoc comment." source="com.puppycrawl.tools.checkstyle.checks.javadoc.JavadocVariableCheck"/>
<error line="10" column="9" severity="error" message="Missing a Javadoc comment." source="com.puppycrawl.tools.checkstyle.checks.javadoc.JavadocVariableCheck"/>
<error line="11" column="9" severity="error" message="Missing a Javadoc comment." source="com.puppycrawl.tools.checkstyle.checks.javadoc.JavadocVariableCheck"/>
<error line="13" column="9" severity="error" message="Missing a Javadoc comment." source="com.puppycrawl.tools.checkstyle.checks.javadoc.JavadocVariableCheck"/>
<error line="14" column="9" severity="error" message="Missing a Javadoc comment." source="com.puppycrawl.tools.checkstyle.checks.javadoc.JavadocVariableCheck"/>
<error line="16" column="9" severity="error" message="Missing a Javadoc comment." source="com.puppycrawl.tools.checkstyle.checks.javadoc.JavadocMethodCheck"/>
<error line="16" column="24" severity="error" message="Parameter idReserva should be final." source="com.puppycrawl.tools.checkstyle.checks.FinalParametersCheck"/>
<error line="16" column="28" severity="error" message="&apos;idReserva&apos; hides a field." source="com.puppycrawl.tools.checkstyle.checks.coding.HiddenFieldCheck"/>
<error line="16" column="39" severity="error" message="Parameter nombreCliente should be final." source="com.puppycrawl.tools.checkstyle.checks.FinalParametersCheck"/>
<error line="16" column="46" severity="error" message="&apos;nombreCliente&apos; hides a field." source="com.puppycrawl.tools.checkstyle.checks.coding.HiddenFieldCheck"/>
<error line="16" column="61" severity="error" message="Parameter comensales should be final." source="com.puppycrawl.tools.checkstyle.checks.FinalParametersCheck"/>
<error line="16" column="65" severity="error" message="&apos;comensales&apos; hides a field." source="com.puppycrawl.tools.checkstyle.checks.coding.HiddenFieldCheck"/>
<error line="17" severity="error" message="Line is longer than 80 characters (found 83)." source="com.puppycrawl.tools.checkstyle.checks.sizes.LineLengthCheck"/>
<error line="17" column="25" severity="error" message="Parameter turnoComCen should be final." source="com.puppycrawl.tools.checkstyle.checks.FinalParametersCheck"/>
<error line="17" column="32" severity="error" message="&apos;turnoComCen&apos; hides a field." source="com.puppycrawl.tools.checkstyle.checks.coding.HiddenFieldCheck"/>
<error line="17" column="45" severity="error" message="Parameter turno should be final." source="com.puppycrawl.tools.checkstyle.checks.FinalParametersCheck"/>
<error line="17" column="49" severity="error" message="&apos;turno&apos; hides a field." source="com.puppycrawl.tools.checkstyle.checks.coding.HiddenFieldCheck"/>
<error line="17" column="56" severity="error" message="Parameter mesa should be final." source="com.puppycrawl.tools.checkstyle.checks.FinalParametersCheck"/>
<error line="17" column="61" severity="error" message="&apos;mesa&apos; hides a field." source="com.puppycrawl.tools.checkstyle.checks.coding.HiddenFieldCheck"/>
<error line="17" column="83" severity="error" message="&apos;{&apos; is not preceded with whitespace." source="com.puppycrawl.tools.checkstyle.checks.whitespace.WhitespaceAroundCheck"/>
<error line="18" severity="error" message="Line has trailing spaces." source="com.puppycrawl.tools.checkstyle.checks.regexp.RegexpSinglelineCheck"/>
<error line="19" column="19" severity="error" message="&apos;if&apos; is not followed by whitespace." source="com.puppycrawl.tools.checkstyle.checks.whitespace.WhitespaceAroundCheck"/>
<error line="20" severity="error" message="Line is longer than 80 characters (found 90)." source="com.puppycrawl.tools.checkstyle.checks.sizes.LineLengthCheck"/>
<error line="22" severity="error" message="Line has trailing spaces." source="com.puppycrawl.tools.checkstyle.checks.regexp.RegexpSinglelineCheck"/>
<error line="23" column="19" severity="error" message="&apos;if&apos; is not followed by whitespace." source="com.puppycrawl.tools.checkstyle.checks.whitespace.WhitespaceAroundCheck"/>
<error line="24" severity="error" message="Line is longer than 80 characters (found 84)." source="com.puppycrawl.tools.checkstyle.checks.sizes.LineLengthCheck"/>
<error line="26" column="19" severity="error" message="&apos;if&apos; is not followed by whitespace." source="com.puppycrawl.tools.checkstyle.checks.whitespace.WhitespaceAroundCheck"/>
<error line="26" column="36" severity="error" message="&apos;)&apos; is preceded with whitespace." source="com.puppycrawl.tools.checkstyle.checks.whitespace.ParenPadCheck"/>
<error line="27" severity="error" message="Line is longer than 80 characters (found 89)." source="com.puppycrawl.tools.checkstyle.checks.sizes.LineLengthCheck"/>
<error line="32" severity="error" message="Line has trailing spaces." source="com.puppycrawl.tools.checkstyle.checks.regexp.RegexpSinglelineCheck"/>
<error line="33" column="19" severity="error" message="&apos;if&apos; is not followed by whitespace." source="com.puppycrawl.tools.checkstyle.checks.whitespace.WhitespaceAroundCheck"/>
<error line="33" column="42" severity="error" message="&apos;&lt;&apos; is not preceded with whitespace." source="com.puppycrawl.tools.checkstyle.checks.whitespace.WhitespaceAroundCheck"/>
<error line="33" column="43" severity="error" message="&apos;&lt;&apos; is not followed by whitespace." source="com.puppycrawl.tools.checkstyle.checks.whitespace.WhitespaceAroundCheck"/>
<error line="34" severity="error" message="Line is longer than 80 characters (found 84)." source="com.puppycrawl.tools.checkstyle.checks.sizes.LineLengthCheck"/>
<error line="36" column="19" severity="error" message="&apos;if&apos; is not followed by whitespace." source="com.puppycrawl.tools.checkstyle.checks.whitespace.WhitespaceAroundCheck"/>
<error line="36" column="40" severity="error" message="&apos;&lt;&apos; is not preceded with whitespace." source="com.puppycrawl.tools.checkstyle.checks.whitespace.WhitespaceAroundCheck"/>
<error line="36" column="41" severity="error" message="&apos;&lt;&apos; is not followed by whitespace." source="com.puppycrawl.tools.checkstyle.checks.whitespace.WhitespaceAroundCheck"/>
<error line="36" column="42" severity="error" message="&apos;)&apos; is preceded with whitespace." source="com.puppycrawl.tools.checkstyle.checks.whitespace.ParenPadCheck"/>
<error line="37" severity="error" message="Line is longer than 80 characters (found 88)." source="com.puppycrawl.tools.checkstyle.checks.sizes.LineLengthCheck"/>
<error line="39" severity="error" message="Line is longer than 80 characters (found 82)." source="com.puppycrawl.tools.checkstyle.checks.sizes.LineLengthCheck"/>
<error line="39" column="19" severity="error" message="&apos;if&apos; is not followed by whitespace." source="com.puppycrawl.tools.checkstyle.checks.whitespace.WhitespaceAroundCheck"/>
<error line="39" column="82" severity="error" message="&apos;{&apos; is not preceded with whitespace." source="com.puppycrawl.tools.checkstyle.checks.whitespace.WhitespaceAroundCheck"/>
<error line="48" column="35" severity="error" message="&apos;=&apos; is not preceded with whitespace." source="com.puppycrawl.tools.checkstyle.checks.whitespace.WhitespaceAroundCheck"/>
<error line="48" column="36" severity="error" message="&apos;=&apos; is not followed by whitespace." source="com.puppycrawl.tools.checkstyle.checks.whitespace.WhitespaceAroundCheck"/>
<error line="50" severity="error" message="Line has trailing spaces." source="com.puppycrawl.tools.checkstyle.checks.regexp.RegexpSinglelineCheck"/>
<error line="51" column="9" severity="error" message="Missing a Javadoc comment." source="com.puppycrawl.tools.checkstyle.checks.javadoc.JavadocMethodCheck"/>
<error line="52" column="35" severity="error" message="&apos;=&apos; is not preceded with whitespace." source="com.puppycrawl.tools.checkstyle.checks.whitespace.WhitespaceAroundCheck"/>
<error line="52" column="36" severity="error" message="&apos;=&apos; is not followed by whitespace." source="com.puppycrawl.tools.checkstyle.checks.whitespace.WhitespaceAroundCheck"/>
<error line="54" severity="error" message="Line has trailing spaces." source="com.puppycrawl.tools.checkstyle.checks.regexp.RegexpSinglelineCheck"/>
<error line="55" column="9" severity="error" message="Method &apos;asignarIDUltimo&apos; is not designed for extension - needs to be abstract, final or empty." source="com.puppycrawl.tools.checkstyle.checks.design.DesignForExtensionCheck"/>
<error line="55" column="9" severity="error" message="Missing a Javadoc comment." source="com.puppycrawl.tools.checkstyle.checks.javadoc.JavadocMethodCheck"/>
<error line="58" severity="error" message="Line has trailing spaces." source="com.puppycrawl.tools.checkstyle.checks.regexp.RegexpSinglelineCheck"/>
<error line="59" column="9" severity="error" message="Method &apos;eliminar&apos; is not designed for extension - needs to be abstract, final or empty." source="com.puppycrawl.tools.checkstyle.checks.design.DesignForExtensionCheck"/>
<error line="59" column="9" severity="error" message="Missing a Javadoc comment." source="com.puppycrawl.tools.checkstyle.checks.javadoc.JavadocMethodCheck"/>
<error line="62" severity="error" message="Line has trailing spaces." source="com.puppycrawl.tools.checkstyle.checks.regexp.RegexpSinglelineCheck"/>
<error line="63" column="9" severity="error" message="Method &apos;modificar&apos; is not designed for extension - needs to be abstract, final or empty." source="com.puppycrawl.tools.checkstyle.checks.design.DesignForExtensionCheck"/>
<error line="63" column="9" severity="error" message="Missing a Javadoc comment." source="com.puppycrawl.tools.checkstyle.checks.javadoc.JavadocMethodCheck"/>
<error line="66" severity="error" message="Line has trailing spaces." source="com.puppycrawl.tools.checkstyle.checks.regexp.RegexpSinglelineCheck"/>
<error line="67" column="9" severity="error" message="Method &apos;insertar&apos; is not designed for extension - needs to be abstract, final or empty." source="com.puppycrawl.tools.checkstyle.checks.design.DesignForExtensionCheck"/>
<error line="67" column="9" severity="error" message="Missing a Javadoc comment." source="com.puppycrawl.tools.checkstyle.checks.javadoc.JavadocMethodCheck"/>
<error line="70" column="9" severity="error" message="Method &apos;leer&apos; is not designed for extension - needs to be abstract, final or empty." source="com.puppycrawl.tools.checkstyle.checks.design.DesignForExtensionCheck"/>
<error line="70" column="9" severity="error" message="Missing a Javadoc comment." source="com.puppycrawl.tools.checkstyle.checks.javadoc.JavadocMethodCheck"/>
<error line="73" column="9" severity="error" message="Method &apos;leerTodo&apos; is not designed for extension - needs to be abstract, final or empty." source="com.puppycrawl.tools.checkstyle.checks.design.DesignForExtensionCheck"/>
<error line="73" column="9" severity="error" message="Missing a Javadoc comment." source="com.puppycrawl.tools.checkstyle.checks.javadoc.JavadocMethodCheck"/>
<error line="76" severity="error" message="Line has trailing spaces." source="com.puppycrawl.tools.checkstyle.checks.regexp.RegexpSinglelineCheck"/>
<error line="77" column="9" severity="error" message="Method &apos;getGestorReserva&apos; is not designed for extension - needs to be abstract, final or empty." source="com.puppycrawl.tools.checkstyle.checks.design.DesignForExtensionCheck"/>
<error line="77" column="9" severity="error" message="Missing a Javadoc comment." source="com.puppycrawl.tools.checkstyle.checks.javadoc.JavadocMethodCheck"/>
<error line="81" severity="error" message="Line has trailing spaces." source="com.puppycrawl.tools.checkstyle.checks.regexp.RegexpSinglelineCheck"/>
<error line="82" column="9" severity="error" message="Method &apos;getIdReserva&apos; is not designed for extension - needs to be abstract, final or empty." source="com.puppycrawl.tools.checkstyle.checks.design.DesignForExtensionCheck"/>
<error line="82" column="9" severity="error" message="Missing a Javadoc comment." source="com.puppycrawl.tools.checkstyle.checks.javadoc.JavadocMethodCheck"/>
<error line="86" column="9" severity="error" message="Method &apos;setIdReserva&apos; is not designed for extension - needs to be abstract, final or empty." source="com.puppycrawl.tools.checkstyle.checks.design.DesignForExtensionCheck"/>
<error line="86" column="9" severity="error" message="Missing a Javadoc comment." source="com.puppycrawl.tools.checkstyle.checks.javadoc.JavadocMethodCheck"/>
<error line="86" column="34" severity="error" message="Parameter idReserva should be final." source="com.puppycrawl.tools.checkstyle.checks.FinalParametersCheck"/>
<error line="86" column="38" severity="error" message="&apos;idReserva&apos; hides a field." source="com.puppycrawl.tools.checkstyle.checks.coding.HiddenFieldCheck"/>
<error line="87" column="19" severity="error" message="&apos;if&apos; is not followed by whitespace." source="com.puppycrawl.tools.checkstyle.checks.whitespace.WhitespaceAroundCheck"/>
<error line="88" severity="error" message="Line is longer than 80 characters (found 90)." source="com.puppycrawl.tools.checkstyle.checks.sizes.LineLengthCheck"/>
<error line="93" column="9" severity="error" message="Method &apos;getNombreCliente&apos; is not designed for extension - needs to be abstract, final or empty." source="com.puppycrawl.tools.checkstyle.checks.design.DesignForExtensionCheck"/>
<error line="93" column="9" severity="error" message="Missing a Javadoc comment." source="com.puppycrawl.tools.checkstyle.checks.javadoc.JavadocMethodCheck"/>
<error line="97" column="9" severity="error" message="Method &apos;setNombreCliente&apos; is not designed for extension - needs to be abstract, final or empty." source="com.puppycrawl.tools.checkstyle.checks.design.DesignForExtensionCheck"/>
<error line="97" column="9" severity="error" message="Missing a Javadoc comment." source="com.puppycrawl.tools.checkstyle.checks.javadoc.JavadocMethodCheck"/>
<error line="97" column="38" severity="error" message="Parameter nombreCliente should be final." source="com.puppycrawl.tools.checkstyle.checks.FinalParametersCheck"/>
<error line="97" column="45" severity="error" message="&apos;nombreCliente&apos; hides a field." source="com.puppycrawl.tools.checkstyle.checks.coding.HiddenFieldCheck"/>
<error line="98" column="19" severity="error" message="&apos;if&apos; is not followed by whitespace." source="com.puppycrawl.tools.checkstyle.checks.whitespace.WhitespaceAroundCheck"/>
<error line="98" column="42" severity="error" message="&apos;&lt;&apos; is not preceded with whitespace." source="com.puppycrawl.tools.checkstyle.checks.whitespace.WhitespaceAroundCheck"/>
<error line="98" column="43" severity="error" message="&apos;&lt;&apos; is not followed by whitespace." source="com.puppycrawl.tools.checkstyle.checks.whitespace.WhitespaceAroundCheck"/>
<error line="99" severity="error" message="Line is longer than 80 characters (found 84)." source="com.puppycrawl.tools.checkstyle.checks.sizes.LineLengthCheck"/>
<error line="104" column="9" severity="error" message="Method &apos;getComensales&apos; is not designed for extension - needs to be abstract, final or empty." source="com.puppycrawl.tools.checkstyle.checks.design.DesignForExtensionCheck"/>
<error line="104" column="9" severity="error" message="Missing a Javadoc comment." source="com.puppycrawl.tools.checkstyle.checks.javadoc.JavadocMethodCheck"/>
<error line="108" column="9" severity="error" message="Method &apos;setComensales&apos; is not designed for extension - needs to be abstract, final or empty." source="com.puppycrawl.tools.checkstyle.checks.design.DesignForExtensionCheck"/>
<error line="108" column="9" severity="error" message="Missing a Javadoc comment." source="com.puppycrawl.tools.checkstyle.checks.javadoc.JavadocMethodCheck"/>
<error line="108" column="35" severity="error" message="Parameter comensales should be final." source="com.puppycrawl.tools.checkstyle.checks.FinalParametersCheck"/>
<error line="108" column="39" severity="error" message="&apos;comensales&apos; hides a field." source="com.puppycrawl.tools.checkstyle.checks.coding.HiddenFieldCheck"/>
<error line="108" column="67" severity="error" message="&apos;{&apos; is not preceded with whitespace." source="com.puppycrawl.tools.checkstyle.checks.whitespace.WhitespaceAroundCheck"/>
<error line="109" column="19" severity="error" message="&apos;if&apos; is not followed by whitespace." source="com.puppycrawl.tools.checkstyle.checks.whitespace.WhitespaceAroundCheck"/>
<error line="109" column="30" severity="error" message="&apos;&gt;&apos; is not preceded with whitespace." source="com.puppycrawl.tools.checkstyle.checks.whitespace.WhitespaceAroundCheck"/>
<error line="112" column="19" severity="error" message="&apos;if&apos; is not followed by whitespace." source="com.puppycrawl.tools.checkstyle.checks.whitespace.WhitespaceAroundCheck"/>
<error line="118" column="9" severity="error" message="Method &apos;getTurnoComCen&apos; is not designed for extension - needs to be abstract, final or empty." source="com.puppycrawl.tools.checkstyle.checks.design.DesignForExtensionCheck"/>
<error line="118" column="9" severity="error" message="Missing a Javadoc comment." source="com.puppycrawl.tools.checkstyle.checks.javadoc.JavadocMethodCheck"/>
<error line="119" severity="error" message="Line has trailing spaces." source="com.puppycrawl.tools.checkstyle.checks.regexp.RegexpSinglelineCheck"/>
<error line="123" column="9" severity="error" message="Method &apos;setTurnoComCen&apos; is not designed for extension - needs to be abstract, final or empty." source="com.puppycrawl.tools.checkstyle.checks.design.DesignForExtensionCheck"/>
<error line="123" column="9" severity="error" message="Missing a Javadoc comment." source="com.puppycrawl.tools.checkstyle.checks.javadoc.JavadocMethodCheck"/>
<error line="123" column="36" severity="error" message="Parameter turnoComCen should be final." source="com.puppycrawl.tools.checkstyle.checks.FinalParametersCheck"/>
<error line="123" column="43" severity="error" message="&apos;turnoComCen&apos; hides a field." source="com.puppycrawl.tools.checkstyle.checks.coding.HiddenFieldCheck"/>
<error line="124" column="19" severity="error" message="&apos;if&apos; is not followed by whitespace." source="com.puppycrawl.tools.checkstyle.checks.whitespace.WhitespaceAroundCheck"/>
<error line="124" column="40" severity="error" message="&apos;&lt;&apos; is not preceded with whitespace." source="com.puppycrawl.tools.checkstyle.checks.whitespace.WhitespaceAroundCheck"/>
<error line="124" column="41" severity="error" message="&apos;&lt;&apos; is not followed by whitespace." source="com.puppycrawl.tools.checkstyle.checks.whitespace.WhitespaceAroundCheck"/>
<error line="124" column="42" severity="error" message="&apos;)&apos; is preceded with whitespace." source="com.puppycrawl.tools.checkstyle.checks.whitespace.ParenPadCheck"/>
<error line="125" severity="error" message="Line is longer than 80 characters (found 88)." source="com.puppycrawl.tools.checkstyle.checks.sizes.LineLengthCheck"/>
<error line="127" severity="error" message="Line is longer than 80 characters (found 82)." source="com.puppycrawl.tools.checkstyle.checks.sizes.LineLengthCheck"/>
<error line="127" column="19" severity="error" message="&apos;if&apos; is not followed by whitespace." source="com.puppycrawl.tools.checkstyle.checks.whitespace.WhitespaceAroundCheck"/>
<error line="127" column="82" severity="error" message="&apos;{&apos; is not preceded with whitespace." source="com.puppycrawl.tools.checkstyle.checks.whitespace.WhitespaceAroundCheck"/>
<error line="133" column="9" severity="error" message="Method &apos;getTurno&apos; is not designed for extension - needs to be abstract, final or empty." source="com.puppycrawl.tools.checkstyle.checks.design.DesignForExtensionCheck"/>
<error line="133" column="9" severity="error" message="Missing a Javadoc comment." source="com.puppycrawl.tools.checkstyle.checks.javadoc.JavadocMethodCheck"/>
<error line="137" column="9" severity="error" message="Method &apos;setTurno&apos; is not designed for extension - needs to be abstract, final or empty." source="com.puppycrawl.tools.checkstyle.checks.design.DesignForExtensionCheck"/>
<error line="137" column="9" severity="error" message="Missing a Javadoc comment." source="com.puppycrawl.tools.checkstyle.checks.javadoc.JavadocMethodCheck"/>
<error line="137" column="30" severity="error" message="Parameter turno should be final." source="com.puppycrawl.tools.checkstyle.checks.FinalParametersCheck"/>
<error line="137" column="34" severity="error" message="&apos;turno&apos; hides a field." source="com.puppycrawl.tools.checkstyle.checks.coding.HiddenFieldCheck"/>
<error line="137" column="57" severity="error" message="&apos;{&apos; is not preceded with whitespace." source="com.puppycrawl.tools.checkstyle.checks.whitespace.WhitespaceAroundCheck"/>
<error line="144" column="9" severity="error" message="Method &apos;getMesa&apos; is not designed for extension - needs to be abstract, final or empty." source="com.puppycrawl.tools.checkstyle.checks.design.DesignForExtensionCheck"/>
<error line="144" column="9" severity="error" message="Missing a Javadoc comment." source="com.puppycrawl.tools.checkstyle.checks.javadoc.JavadocMethodCheck"/>
<error line="148" column="9" severity="error" message="Method &apos;setMesa&apos; is not designed for extension - needs to be abstract, final or empty." source="com.puppycrawl.tools.checkstyle.checks.design.DesignForExtensionCheck"/>
<error line="148" column="9" severity="error" message="Missing a Javadoc comment." source="com.puppycrawl.tools.checkstyle.checks.javadoc.JavadocMethodCheck"/>
<error line="148" column="29" severity="error" message="Parameter mesa should be final." source="com.puppycrawl.tools.checkstyle.checks.FinalParametersCheck"/>
<error line="148" column="34" severity="error" message="&apos;mesa&apos; hides a field." source="com.puppycrawl.tools.checkstyle.checks.coding.HiddenFieldCheck"/>
<error line="151" severity="error" message="Line has trailing spaces." source="com.puppycrawl.tools.checkstyle.checks.regexp.RegexpSinglelineCheck"/>
</file>
<file name="/Users/david/git/In4MatesSD_P1/ReservaMesas/src/main/java/org/ReservaMesas/Dominio/Mesa.java">
<error line="23" column="1" severity="error" message="File contains tab characters (this is the first instance)." source="com.puppycrawl.tools.checkstyle.checks.whitespace.FileTabCharacterCheck"/>
<error line="64" column="21" severity="error" message="Parameter idMesa should be final." source="com.puppycrawl.tools.checkstyle.checks.FinalParametersCheck"/>
<error line="64" column="25" severity="error" message="&apos;idMesa&apos; hides a field." source="com.puppycrawl.tools.checkstyle.checks.coding.HiddenFieldCheck"/>
<error line="64" column="33" severity="error" message="Parameter comensales should be final." source="com.puppycrawl.tools.checkstyle.checks.FinalParametersCheck"/>
<error line="64" column="37" severity="error" message="&apos;comensales&apos; hides a field." source="com.puppycrawl.tools.checkstyle.checks.coding.HiddenFieldCheck"/>
<error line="64" column="49" severity="error" message="Parameter estado should be final." source="com.puppycrawl.tools.checkstyle.checks.FinalParametersCheck"/>
<error line="64" column="57" severity="error" message="&apos;estado&apos; hides a field." source="com.puppycrawl.tools.checkstyle.checks.coding.HiddenFieldCheck"/>
<error line="65" column="25" severity="error" message="Parameter horaEstado should be final." source="com.puppycrawl.tools.checkstyle.checks.FinalParametersCheck"/>
<error line="65" column="32" severity="error" message="&apos;horaEstado&apos; hides a field." source="com.puppycrawl.tools.checkstyle.checks.coding.HiddenFieldCheck"/>
<error line="94" column="9" severity="error" message="Method &apos;getHoraEstado&apos; is not designed for extension - needs to be abstract, final or empty." source="com.puppycrawl.tools.checkstyle.checks.design.DesignForExtensionCheck"/>
<error line="104" column="9" severity="error" message="Method &apos;setHoraEstado&apos; is not designed for extension - needs to be abstract, final or empty." source="com.puppycrawl.tools.checkstyle.checks.design.DesignForExtensionCheck"/>
<error line="104" column="35" severity="error" message="Parameter horaEstado should be final." source="com.puppycrawl.tools.checkstyle.checks.FinalParametersCheck"/>
<error line="104" column="42" severity="error" message="&apos;horaEstado&apos; hides a field." source="com.puppycrawl.tools.checkstyle.checks.coding.HiddenFieldCheck"/>
<error line="117" column="9" severity="error" message="Method &apos;getIdMesa&apos; is not designed for extension - needs to be abstract, final or empty." source="com.puppycrawl.tools.checkstyle.checks.design.DesignForExtensionCheck"/>
<error line="128" column="9" severity="error" message="Method &apos;setIdMesa&apos; is not designed for extension - needs to be abstract, final or empty." source="com.puppycrawl.tools.checkstyle.checks.design.DesignForExtensionCheck"/>
<error line="128" column="31" severity="error" message="Parameter idMesa should be final." source="com.puppycrawl.tools.checkstyle.checks.FinalParametersCheck"/>
<error line="128" column="35" severity="error" message="&apos;idMesa&apos; hides a field." source="com.puppycrawl.tools.checkstyle.checks.coding.HiddenFieldCheck"/>
<error line="140" column="9" severity="error" message="Method &apos;getComensales&apos; is not designed for extension - needs to be abstract, final or empty." source="com.puppycrawl.tools.checkstyle.checks.design.DesignForExtensionCheck"/>
<error line="151" column="9" severity="error" message="Method &apos;setComensales&apos; is not designed for extension - needs to be abstract, final or empty." source="com.puppycrawl.tools.checkstyle.checks.design.DesignForExtensionCheck"/>
<error line="151" column="35" severity="error" message="Parameter comensales should be final." source="com.puppycrawl.tools.checkstyle.checks.FinalParametersCheck"/>
<error line="151" column="39" severity="error" message="&apos;comensales&apos; hides a field." source="com.puppycrawl.tools.checkstyle.checks.coding.HiddenFieldCheck"/>
<error line="164" column="9" severity="error" message="Method &apos;getEstado&apos; is not designed for extension - needs to be abstract, final or empty." source="com.puppycrawl.tools.checkstyle.checks.design.DesignForExtensionCheck"/>
<error line="173" column="9" severity="error" message="Method &apos;setEstado&apos; is not designed for extension - needs to be abstract, final or empty." source="com.puppycrawl.tools.checkstyle.checks.design.DesignForExtensionCheck"/>
<error line="173" column="31" severity="error" message="Parameter estado should be final." source="com.puppycrawl.tools.checkstyle.checks.FinalParametersCheck"/>
<error line="173" column="39" severity="error" message="&apos;estado&apos; hides a field." source="com.puppycrawl.tools.checkstyle.checks.coding.HiddenFieldCheck"/>
<error line="182" column="9" severity="error" message="Method &apos;getGestorMesa&apos; is not designed for extension - needs to be abstract, final or empty." source="com.puppycrawl.tools.checkstyle.checks.design.DesignForExtensionCheck"/>
<error line="191" column="9" severity="error" message="Method &apos;eliminar&apos; is not designed for extension - needs to be abstract, final or empty." source="com.puppycrawl.tools.checkstyle.checks.design.DesignForExtensionCheck"/>
<error line="200" column="9" severity="error" message="Method &apos;modificar&apos; is not designed for extension - needs to be abstract, final or empty." source="com.puppycrawl.tools.checkstyle.checks.design.DesignForExtensionCheck"/>
<error line="209" column="9" severity="error" message="Method &apos;insertar&apos; is not designed for extension - needs to be abstract, final or empty." source="com.puppycrawl.tools.checkstyle.checks.design.DesignForExtensionCheck"/>
<error line="218" column="9" severity="error" message="Method &apos;leer&apos; is not designed for extension - needs to be abstract, final or empty." source="com.puppycrawl.tools.checkstyle.checks.design.DesignForExtensionCheck"/>
<error line="227" column="9" severity="error" message="Method &apos;leerTodo&apos; is not designed for extension - needs to be abstract, final or empty." source="com.puppycrawl.tools.checkstyle.checks.design.DesignForExtensionCheck"/>
</file>
<file name="/Users/david/git/In4MatesSD_P1/ReservaMesas/src/main/java/org/ReservaMesas/Dominio/Estados.java">
<error line="9" column="1" severity="error" message="File contains tab characters (this is the first instance)." source="com.puppycrawl.tools.checkstyle.checks.whitespace.FileTabCharacterCheck"/>
</file>
<file name="/Users/david/git/In4MatesSD_P1/ReservaMesas/src/main/java/org/ReservaMesas/Persistencia/GestorReserva.java">
<error line="0" severity="error" message="Missing package-info.java file." source="com.puppycrawl.tools.checkstyle.checks.javadoc.JavadocPackageCheck"/>
<error line="23" column="1" severity="error" message="File contains tab characters (this is the first instance)." source="com.puppycrawl.tools.checkstyle.checks.whitespace.FileTabCharacterCheck"/>
<error line="41" column="9" severity="error" message="Method &apos;getListaReserva&apos; is not designed for extension - needs to be abstract, final or empty." source="com.puppycrawl.tools.checkstyle.checks.design.DesignForExtensionCheck"/>
<error line="50" column="9" severity="error" message="Method &apos;setListaReserva&apos; is not designed for extension - needs to be abstract, final or empty." source="com.puppycrawl.tools.checkstyle.checks.design.DesignForExtensionCheck"/>
<error line="50" column="37" severity="error" message="Parameter listaReserva should be final." source="com.puppycrawl.tools.checkstyle.checks.FinalParametersCheck"/>
<error line="50" column="56" severity="error" message="&apos;listaReserva&apos; hides a field." source="com.puppycrawl.tools.checkstyle.checks.coding.HiddenFieldCheck"/>
<error line="61" column="9" severity="error" message="Method &apos;delete&apos; is not designed for extension - needs to be abstract, final or empty." source="com.puppycrawl.tools.checkstyle.checks.design.DesignForExtensionCheck"/>
<error line="61" column="31" severity="error" message="Parameter reserva should be final." source="com.puppycrawl.tools.checkstyle.checks.FinalParametersCheck"/>
<error line="89" column="9" severity="error" message="Method &apos;update&apos; is not designed for extension - needs to be abstract, final or empty." source="com.puppycrawl.tools.checkstyle.checks.design.DesignForExtensionCheck"/>
<error line="89" column="31" severity="error" message="Parameter reserva should be final." source="com.puppycrawl.tools.checkstyle.checks.FinalParametersCheck"/>
<error line="124" column="9" severity="error" message="Method &apos;insert&apos; is not designed for extension - needs to be abstract, final or empty." source="com.puppycrawl.tools.checkstyle.checks.design.DesignForExtensionCheck"/>
<error line="124" column="31" severity="error" message="Parameter reserva should be final." source="com.puppycrawl.tools.checkstyle.checks.FinalParametersCheck"/>
<error line="152" column="9" severity="error" message="Method &apos;read&apos; is not designed for extension - needs to be abstract, final or empty." source="com.puppycrawl.tools.checkstyle.checks.design.DesignForExtensionCheck"/>
<error line="152" column="29" severity="error" message="Parameter reserva should be final." source="com.puppycrawl.tools.checkstyle.checks.FinalParametersCheck"/>
<error line="209" column="9" severity="error" message="Method &apos;lastID&apos; is not designed for extension - needs to be abstract, final or empty." source="com.puppycrawl.tools.checkstyle.checks.design.DesignForExtensionCheck"/>
<error line="209" column="31" severity="error" message="Parameter reserva should be final." source="com.puppycrawl.tools.checkstyle.checks.FinalParametersCheck"/>
<error line="240" column="9" severity="error" message="Method &apos;readAll&apos; is not designed for extension - needs to be abstract, final or empty." source="com.puppycrawl.tools.checkstyle.checks.design.DesignForExtensionCheck"/>
</file>
<file name="/Users/david/git/In4MatesSD_P1/ReservaMesas/src/main/java/org/ReservaMesas/Persistencia/GestorMesa.java">
<error line="23" column="1" severity="error" message="File contains tab characters (this is the first instance)." source="com.puppycrawl.tools.checkstyle.checks.whitespace.FileTabCharacterCheck"/>
<error line="40" column="9" severity="error" message="Method &apos;getListaMesas&apos; is not designed for extension - needs to be abstract, final or empty." source="com.puppycrawl.tools.checkstyle.checks.design.DesignForExtensionCheck"/>
<error line="49" column="9" severity="error" message="Method &apos;setListaMesas&apos; is not designed for extension - needs to be abstract, final or empty." source="com.puppycrawl.tools.checkstyle.checks.design.DesignForExtensionCheck"/>
<error line="49" column="35" severity="error" message="Parameter listaMesas should be final." source="com.puppycrawl.tools.checkstyle.checks.FinalParametersCheck"/>
<error line="49" column="51" severity="error" message="&apos;listaMesas&apos; hides a field." source="com.puppycrawl.tools.checkstyle.checks.coding.HiddenFieldCheck"/>
<error line="60" column="9" severity="error" message="Method &apos;delete&apos; is not designed for extension - needs to be abstract, final or empty." source="com.puppycrawl.tools.checkstyle.checks.design.DesignForExtensionCheck"/>
<error line="60" column="31" severity="error" message="Parameter mesa should be final." source="com.puppycrawl.tools.checkstyle.checks.FinalParametersCheck"/>
<error line="86" column="9" severity="error" message="Method &apos;update&apos; is not designed for extension - needs to be abstract, final or empty." source="com.puppycrawl.tools.checkstyle.checks.design.DesignForExtensionCheck"/>
<error line="89" column="38" severity="error" message="Name &apos;SQL&apos; must match pattern &apos;^[a-z][a-zA-Z0-9]*$&apos;." source="com.puppycrawl.tools.checkstyle.checks.naming.LocalFinalVariableNameCheck"/>
<error line="117" column="9" severity="error" message="Method &apos;insert&apos; is not designed for extension - needs to be abstract, final or empty." source="com.puppycrawl.tools.checkstyle.checks.design.DesignForExtensionCheck"/>
<error line="120" column="38" severity="error" message="Name &apos;SQL&apos; must match pattern &apos;^[a-z][a-zA-Z0-9]*$&apos;." source="com.puppycrawl.tools.checkstyle.checks.naming.LocalFinalVariableNameCheck"/>
<error line="147" column="9" severity="error" message="Method &apos;read&apos; is not designed for extension - needs to be abstract, final or empty." source="com.puppycrawl.tools.checkstyle.checks.design.DesignForExtensionCheck"/>
<error line="147" column="29" severity="error" message="Parameter mesa should be final." source="com.puppycrawl.tools.checkstyle.checks.FinalParametersCheck"/>
<error line="192" column="9" severity="error" message="Method &apos;readAll&apos; is not designed for extension - needs to be abstract, final or empty." source="com.puppycrawl.tools.checkstyle.checks.design.DesignForExtensionCheck"/>
</file>
</checkstyle>
